[35m[1mScanning dependencies of target gazebo_plugins_gripper[0m
[35m[1mScanning dependencies of target gazebo_plugins_score[0m
[35m[1mScanning dependencies of target gazebo_plugins[0m
[ 12%] [32mBuilding CXX object CMakeFiles/gazebo_plugins.dir/src/SetupWorld.cpp.o[0m
[ 25%] [32mBuilding CXX object CMakeFiles/gazebo_plugins_score.dir/src/ScorePlugin/ScorePlugin.cpp.o[0m
[ 37%] [32mBuilding CXX object CMakeFiles/gazebo_plugins_gripper.dir/src/GripperPlugin/GripperPlugin.cpp.o[0m
[01m[K/home/jschlindwein/Desktop/OLD UBUNTU FILES/CNM_TEAM_CODE/src/gazebo_plugins/src/GripperPlugin/GripperPlugin.cpp:[m[K In member function ‘[01m[Kvoid gazebo::GripperPlugin::attach()[m[K’:
[01m[K/home/jschlindwein/Desktop/OLD UBUNTU FILES/CNM_TEAM_CODE/src/gazebo_plugins/src/GripperPlugin/GripperPlugin.cpp:638:22:[m[K [01;31m[Kerror: [m[K‘[01m[Kclass gazebo::physics::Joint[m[K’ has no member named ‘[01m[KSetAttribute[m[K’
   targetAttachJoint->SetAttribute("erp", 0, erp);
[01;32m[K                      ^[m[K
[01m[K/home/jschlindwein/Desktop/OLD UBUNTU FILES/CNM_TEAM_CODE/src/gazebo_plugins/src/GripperPlugin/GripperPlugin.cpp:639:22:[m[K [01;31m[Kerror: [m[K‘[01m[Kclass gazebo::physics::Joint[m[K’ has no member named ‘[01m[KSetAttribute[m[K’
   targetAttachJoint->SetAttribute("cfm", 0, cfm);
[01;32m[K                      ^[m[K
[01m[K/home/jschlindwein/Desktop/OLD UBUNTU FILES/CNM_TEAM_CODE/src/gazebo_plugins/src/GripperPlugin/GripperPlugin.cpp:640:22:[m[K [01;31m[Kerror: [m[K‘[01m[Kclass gazebo::physics::Joint[m[K’ has no member named ‘[01m[KSetAttribute[m[K’
   targetAttachJoint->SetAttribute("stop_erp", 0, erp);
[01;32m[K                      ^[m[K
[01m[K/home/jschlindwein/Desktop/OLD UBUNTU FILES/CNM_TEAM_CODE/src/gazebo_plugins/src/GripperPlugin/GripperPlugin.cpp:641:22:[m[K [01;31m[Kerror: [m[K‘[01m[Kclass gazebo::physics::Joint[m[K’ has no member named ‘[01m[KSetAttribute[m[K’
   targetAttachJoint->SetAttribute("stop_cfm", 0, cfm);
[01;32m[K                      ^[m[K
[ 50%] [32m[1mLinking CXX shared library "/home/jschlindwein/Desktop/OLD UBUNTU FILES/CNM_TEAM_CODE/devel/lib/libgazebo_plugins.so"[0m
[ 50%] Built target gazebo_plugins
CMakeFiles/gazebo_plugins_gripper.dir/build.make:62: recipe for target 'CMakeFiles/gazebo_plugins_gripper.dir/src/GripperPlugin/GripperPlugin.cpp.o' failed
make[2]: *** [CMakeFiles/gazebo_plugins_gripper.dir/src/GripperPlugin/GripperPlugin.cpp.o] Error 1
make[1]: *** [CMakeFiles/gazebo_plugins_gripper.dir/all] Error 2
make[1]: *** Waiting for unfinished jobs....
CMakeFiles/Makefile2:840: recipe for target 'CMakeFiles/gazebo_plugins_gripper.dir/all' failed
[ 62%] [32m[1mLinking CXX shared library "/home/jschlindwein/Desktop/OLD UBUNTU FILES/CNM_TEAM_CODE/devel/lib/libgazebo_plugins_score.so"[0m
[ 62%] Built target gazebo_plugins_score
Makefile:138: recipe for target 'all' failed
make: *** [all] Error 2
